<?xml version="1.0" encoding="UTF-8"?>
<!-- Generated by org.testng.reporters.JUnitReportReporter -->
<testsuite skipped="0" hostname="LAPTOP-NCJ4F74A" name="maven.metra.UPNorth" tests="1" failures="0" timestamp="05 Jul 2020 12:04:32 GMT" time="2.167" errors="0">
  <testcase name="unionpacific" time="2.167" classname="maven.metra.UPNorth"/>
</testsuite> <!-- maven.metra.UPNorth -->
