<?xml version="1.0" encoding="UTF-8"?>
<!-- Generated by org.testng.reporters.JUnitReportReporter -->
<testsuite skipped="0" hostname="LAPTOP-NCJ4F74A" name="maven.metra.Mapsschedule" tests="1" failures="0" timestamp="05 Jul 2020 12:04:32 GMT" time="4.982" errors="0">
  <testcase name="maps" time="4.982" classname="maven.metra.Mapsschedule"/>
</testsuite> <!-- maven.metra.Mapsschedule -->
